<?xml version="1.0" encoding="UTF-8"?>
<!-- Generated by org.testng.reporters.JUnitReportReporter -->
<testsuite hostname="DESKTOP-8GAKHLN" failures="0" tests="2" name="selenium.Test2" time="0.000" errors="0" timestamp="10 Jun. 2021 02:42:57 GMT" skipped="0">
  <testcase classname="selenium.Test2" name="test4" time="0.000"/>
  <testcase classname="selenium.Test2" name="test5" time="0.000"/>
</testsuite> <!-- selenium.Test2 -->
