<?xml version="1.0" encoding="UTF-8"?>
<!-- Generated by org.testng.reporters.JUnitReportReporter -->
<testsuite hostname="DESKTOP-8GAKHLN" failures="0" tests="2" name="selenium.Testing1" time="0.007" errors="0" timestamp="2021-06-08T23:28:52 EDT" skipped="0">
  <testcase classname="selenium.Testing1" name="f" time="0.005"/>
  <system-out/>
  <testcase classname="selenium.Testing1" name="f" time="0.002"/>
  <system-out/>
</testsuite> <!-- selenium.Testing1 -->
